<?xml version="1.0" encoding="UTF-8"?>
<coverage generated="1415062904">
  <project timestamp="1415062904">
    <package name="Gufy\ResellerClub">
      <file name="/home/mochamad/web/vanilla/workbench/gufy/reseller-club/src/Gufy/ResellerClub/ResellerClub.php">
        <class name="ResellerClub" namespace="Gufy\ResellerClub">
          <metrics methods="8" coveredmethods="7" conditionals="0" coveredconditionals="0" statements="41" coveredstatements="40" elements="49" coveredelements="47"/>
        </class>
        <line num="7" type="method" name="__construct" crap="1" count="8"/>
        <line num="9" type="stmt" count="8"/>
        <line num="10" type="stmt" count="8"/>
        <line num="12" type="method" name="config" crap="3" count="8"/>
        <line num="14" type="stmt" count="8"/>
        <line num="15" type="stmt" count="8"/>
        <line num="16" type="stmt" count="8"/>
        <line num="17" type="stmt" count="8"/>
        <line num="19" type="stmt" count="6"/>
        <line num="21" type="stmt" count="8"/>
        <line num="22" type="stmt" count="8"/>
        <line num="24" type="method" name="pretend" crap="1" count="6"/>
        <line num="26" type="stmt" count="6"/>
        <line num="29" type="method" name="from" crap="1" count="6"/>
        <line num="31" type="stmt" count="6"/>
        <line num="33" type="method" name="get" crap="1" count="3"/>
        <line num="35" type="stmt" count="3"/>
        <line num="37" type="method" name="post" crap="1" count="3"/>
        <line num="39" type="stmt" count="3"/>
        <line num="41" type="method" name="call" crap="5.01" count="6"/>
        <line num="43" type="stmt" count="6"/>
        <line num="44" type="stmt" count="6"/>
        <line num="45" type="stmt" count="6"/>
        <line num="46" type="stmt" count="6"/>
        <line num="47" type="stmt" count="6"/>
        <line num="48" type="stmt" count="6"/>
        <line num="49" type="stmt" count="6"/>
        <line num="50" type="stmt" count="1"/>
        <line num="51" type="stmt" count="1"/>
        <line num="52" type="stmt" count="1"/>
        <line num="53" type="stmt" count="1"/>
        <line num="56" type="stmt" count="1"/>
        <line num="57" type="stmt" count="0"/>
        <line num="59" type="stmt" count="1"/>
        <line num="62" type="stmt" count="1"/>
        <line num="63" type="stmt" count="1"/>
        <line num="64" type="stmt" count="1"/>
        <line num="68" type="method" name="where" crap="4" count="5"/>
        <line num="70" type="stmt" count="5"/>
        <line num="71" type="stmt" count="5"/>
        <line num="72" type="stmt" count="5"/>
        <line num="74" type="stmt" count="5"/>
        <line num="75" type="stmt" count="5"/>
        <line num="76" type="stmt" count="5"/>
        <line num="79" type="stmt" count="5"/>
        <line num="80" type="stmt" count="5"/>
        <line num="81" type="stmt" count="5"/>
        <line num="82" type="stmt" count="1"/>
        <line num="83" type="stmt" count="5"/>
        <metrics loc="86" ncloc="86" classes="1" methods="8" coveredmethods="7" conditionals="0" coveredconditionals="0" statements="41" coveredstatements="40" elements="49" coveredelements="47"/>
      </file>
      <file name="/home/mochamad/web/vanilla/workbench/gufy/reseller-club/src/Gufy/ResellerClub/ResellerClubServiceProvider.php">
        <class name="ResellerClubServiceProvider" namespace="Gufy\ResellerClub">
          <metrics methods="3" coveredmethods="2" conditionals="0" coveredconditionals="0" statements="6" coveredstatements="5" elements="9" coveredelements="7"/>
        </class>
        <line num="19" type="method" name="boot" crap="1" count="8"/>
        <line num="21" type="stmt" count="8"/>
        <line num="22" type="stmt" count="8"/>
        <line num="32" type="method" name="anonymous function" crap="1" count="8"/>
        <line num="33" type="stmt" count="1"/>
        <line num="34" type="stmt" count="1"/>
        <line num="35" type="stmt" count="8"/>
        <line num="36" type="stmt" count="8"/>
        <line num="37" type="stmt" count="8"/>
        <line num="40" type="stmt" count="8"/>
        <line num="41" type="stmt" count="8"/>
        <line num="42" type="stmt" count="8"/>
        <line num="44" type="stmt" count="8"/>
        <line num="51" type="method" name="provides" crap="2" count="0"/>
        <line num="53" type="stmt" count="0"/>
        <metrics loc="56" ncloc="32" classes="1" methods="3" coveredmethods="2" conditionals="0" coveredconditionals="0" statements="12" coveredstatements="11" elements="15" coveredelements="13"/>
      </file>
    </package>
    <file name="/home/mochamad/web/vanilla/workbench/gufy/reseller-club/src/config/config.php">
      <line num="3" type="stmt" count="1"/>
      <line num="4" type="stmt" count="1"/>
      <line num="5" type="stmt" count="1"/>
      <metrics loc="5" ncloc="5" classes="0" methods="0" coveredmethods="0" conditionals="0" coveredconditionals="0" statements="3" coveredstatements="3" elements="3" coveredelements="3"/>
    </file>
    <file name="/home/mochamad/web/vanilla/workbench/gufy/reseller-club/vendor/composer/autoload_real.php">
      <class name="ComposerAutoloaderInit584e6e81af2cd9d1c438b84bcfbb23c4" namespace="global">
        <metrics methods="2" coveredmethods="0" conditionals="0" coveredconditionals="0" statements="30" coveredstatements="0" elements="32" coveredelements="0"/>
      </class>
      <line num="9" type="method" name="loadClassLoader" crap="6" count="0"/>
      <line num="11" type="stmt" count="0"/>
      <line num="12" type="stmt" count="0"/>
      <line num="13" type="stmt" count="0"/>
      <line num="14" type="stmt" count="0"/>
      <line num="16" type="method" name="getLoader" crap="42" count="0"/>
      <line num="18" type="stmt" count="0"/>
      <line num="19" type="stmt" count="0"/>
      <line num="22" type="stmt" count="0"/>
      <line num="23" type="stmt" count="0"/>
      <line num="24" type="stmt" count="0"/>
      <line num="26" type="stmt" count="0"/>
      <line num="27" type="stmt" count="0"/>
      <line num="28" type="stmt" count="0"/>
      <line num="30" type="stmt" count="0"/>
      <line num="31" type="stmt" count="0"/>
      <line num="32" type="stmt" count="0"/>
      <line num="33" type="stmt" count="0"/>
      <line num="35" type="stmt" count="0"/>
      <line num="36" type="stmt" count="0"/>
      <line num="37" type="stmt" count="0"/>
      <line num="38" type="stmt" count="0"/>
      <line num="40" type="stmt" count="0"/>
      <line num="41" type="stmt" count="0"/>
      <line num="42" type="stmt" count="0"/>
      <line num="43" type="stmt" count="0"/>
      <line num="45" type="stmt" count="0"/>
      <line num="47" type="stmt" count="0"/>
      <line num="48" type="stmt" count="0"/>
      <line num="49" type="stmt" count="0"/>
      <line num="50" type="stmt" count="0"/>
      <line num="52" type="stmt" count="0"/>
      <line num="58" type="stmt" count="0"/>
      <line num="59" type="stmt" count="0"/>
      <metrics loc="59" ncloc="57" classes="1" methods="2" coveredmethods="0" conditionals="0" coveredconditionals="0" statements="32" coveredstatements="0" elements="34" coveredelements="0"/>
    </file>
    <package name="Whoops\Handler">
      <file name="/home/mochamad/web/vanilla/workbench/gufy/reseller-club/vendor/filp/whoops/src/Whoops/Handler/Handler.php">
        <class name="Handler" namespace="Whoops\Handler">
          <metrics methods="6" coveredmethods="0" conditionals="0" coveredconditionals="0" statements="9" coveredstatements="0" elements="15" coveredelements="0"/>
        </class>
        <line num="45" type="method" name="setRun" crap="2" count="0"/>
        <line num="47" type="stmt" count="0"/>
        <line num="48" type="stmt" count="0"/>
        <line num="53" type="method" name="getRun" crap="2" count="0"/>
        <line num="55" type="stmt" count="0"/>
        <line num="61" type="method" name="setInspector" crap="2" count="0"/>
        <line num="63" type="stmt" count="0"/>
        <line num="64" type="stmt" count="0"/>
        <line num="69" type="method" name="getInspector" crap="2" count="0"/>
        <line num="71" type="stmt" count="0"/>
        <line num="77" type="method" name="setException" crap="2" count="0"/>
        <line num="79" type="stmt" count="0"/>
        <line num="80" type="stmt" count="0"/>
        <line num="85" type="method" name="getException" crap="2" count="0"/>
        <line num="87" type="stmt" count="0"/>
        <metrics loc="89" ncloc="47" classes="1" methods="6" coveredmethods="0" conditionals="0" coveredconditionals="0" statements="9" coveredstatements="0" elements="15" coveredelements="0"/>
      </file>
      <file name="/home/mochamad/web/vanilla/workbench/gufy/reseller-club/vendor/filp/whoops/src/Whoops/Handler/JsonResponseHandler.php">
        <class name="JsonResponseHandler" namespace="Whoops\Handler">
          <metrics methods="4" coveredmethods="0" conditionals="0" coveredconditionals="0" statements="37" coveredstatements="0" elements="41" coveredelements="0"/>
        </class>
        <line num="32" type="method" name="addTraceToOutput" crap="6" count="0"/>
        <line num="34" type="stmt" count="0"/>
        <line num="35" type="stmt" count="0"/>
        <line num="38" type="stmt" count="0"/>
        <line num="39" type="stmt" count="0"/>
        <line num="45" type="method" name="onlyForAjaxRequests" crap="6" count="0"/>
        <line num="47" type="stmt" count="0"/>
        <line num="48" type="stmt" count="0"/>
        <line num="51" type="stmt" count="0"/>
        <line num="52" type="stmt" count="0"/>
        <line num="59" type="method" name="isAjaxRequest" crap="6" count="0"/>
        <line num="62" type="stmt" count="0"/>
        <line num="63" type="stmt" count="0"/>
        <line num="64" type="stmt" count="0"/>
        <line num="70" type="method" name="handle" crap="30" count="0"/>
        <line num="72" type="stmt" count="0"/>
        <line num="73" type="stmt" count="0"/>
        <line num="76" type="stmt" count="0"/>
        <line num="80" type="stmt" count="0"/>
        <line num="81" type="stmt" count="0"/>
        <line num="82" type="stmt" count="0"/>
        <line num="83" type="stmt" count="0"/>
        <line num="84" type="stmt" count="0"/>
        <line num="85" type="stmt" count="0"/>
        <line num="87" type="stmt" count="0"/>
        <line num="88" type="stmt" count="0"/>
        <line num="89" type="stmt" count="0"/>
        <line num="90" type="stmt" count="0"/>
        <line num="92" type="stmt" count="0"/>
        <line num="94" type="stmt" count="0"/>
        <line num="95" type="stmt" count="0"/>
        <line num="96" type="stmt" count="0"/>
        <line num="97" type="stmt" count="0"/>
        <line num="98" type="stmt" count="0"/>
        <line num="99" type="stmt" count="0"/>
        <line num="100" type="stmt" count="0"/>
        <line num="101" type="stmt" count="0"/>
        <line num="103" type="stmt" count="0"/>
        <line num="104" type="stmt" count="0"/>
        <line num="106" type="stmt" count="0"/>
        <line num="107" type="stmt" count="0"/>
        <metrics loc="109" ncloc="77" classes="1" methods="4" coveredmethods="0" conditionals="0" coveredconditionals="0" statements="37" coveredstatements="0" elements="41" coveredelements="0"/>
      </file>
    </package>
    <package name="Whoops">
      <file name="/home/mochamad/web/vanilla/workbench/gufy/reseller-club/vendor/filp/whoops/src/Whoops/Run.php">
        <class name="Run" namespace="Whoops">
          <metrics methods="16" coveredmethods="0" conditionals="0" coveredconditionals="0" statements="119" coveredstatements="8" elements="135" coveredelements="8"/>
        </class>
        <line num="41" type="method" name="pushHandler" crap="4.94" count="8"/>
        <line num="43" type="stmt" count="8"/>
        <line num="44" type="stmt" count="0"/>
        <line num="45" type="stmt" count="0"/>
        <line num="47" type="stmt" count="8"/>
        <line num="48" type="stmt" count="0"/>
        <line num="49" type="stmt" count="0"/>
        <line num="50" type="stmt" count="0"/>
        <line num="51" type="stmt" count="0"/>
        <line num="54" type="stmt" count="8"/>
        <line num="55" type="stmt" count="8"/>
        <line num="63" type="method" name="popHandler" crap="2" count="0"/>
        <line num="65" type="stmt" count="0"/>
        <line num="73" type="method" name="getHandlers" crap="2" count="0"/>
        <line num="75" type="stmt" count="0"/>
        <line num="83" type="method" name="clearHandlers" crap="2" count="0"/>
        <line num="85" type="stmt" count="0"/>
        <line num="86" type="stmt" count="0"/>
        <line num="93" type="method" name="getInspector" crap="2" count="0"/>
        <line num="95" type="stmt" count="0"/>
        <line num="102" type="method" name="register" crap="6" count="0"/>
        <line num="104" type="stmt" count="0"/>
        <line num="107" type="stmt" count="0"/>
        <line num="108" type="stmt" count="0"/>
        <line num="109" type="stmt" count="0"/>
        <line num="110" type="stmt" count="0"/>
        <line num="112" type="stmt" count="0"/>
        <line num="113" type="stmt" count="0"/>
        <line num="114" type="stmt" count="0"/>
        <line num="116" type="stmt" count="0"/>
        <line num="117" type="stmt" count="0"/>
        <line num="119" type="stmt" count="0"/>
        <line num="126" type="method" name="unregister" crap="6" count="0"/>
        <line num="128" type="stmt" count="0"/>
        <line num="129" type="stmt" count="0"/>
        <line num="130" type="stmt" count="0"/>
        <line num="132" type="stmt" count="0"/>
        <line num="133" type="stmt" count="0"/>
        <line num="135" type="stmt" count="0"/>
        <line num="143" type="method" name="allowQuit" crap="2.15" count="8"/>
        <line num="145" type="stmt" count="8"/>
        <line num="146" type="stmt" count="0"/>
        <line num="149" type="stmt" count="8"/>
        <line num="158" type="method" name="silenceErrorsInPaths" crap="2" count="0"/>
        <line num="160" type="stmt" count="0"/>
        <line num="161" type="stmt" count="0"/>
        <line num="162" type="stmt" count="0"/>
        <line num="163" type="method" name="anonymous function" crap="2" count="0"/>
        <line num="165" type="stmt" count="0"/>
        <line num="166" type="stmt" count="0"/>
        <line num="167" type="stmt" count="0"/>
        <line num="168" type="stmt" count="0"/>
        <line num="170" type="stmt" count="0"/>
        <line num="171" type="stmt" count="0"/>
        <line num="172" type="stmt" count="0"/>
        <line num="183" type="method" name="sendHttpCode" crap="42" count="0"/>
        <line num="185" type="stmt" count="0"/>
        <line num="186" type="stmt" count="0"/>
        <line num="189" type="stmt" count="0"/>
        <line num="190" type="stmt" count="0"/>
        <line num="193" type="stmt" count="0"/>
        <line num="194" type="stmt" count="0"/>
        <line num="195" type="stmt" count="0"/>
        <line num="197" type="stmt" count="0"/>
        <line num="198" type="stmt" count="0"/>
        <line num="199" type="stmt" count="0"/>
        <line num="200" type="stmt" count="0"/>
        <line num="203" type="stmt" count="0"/>
        <line num="212" type="method" name="writeToOutput" crap="2.15" count="8"/>
        <line num="214" type="stmt" count="8"/>
        <line num="215" type="stmt" count="0"/>
        <line num="218" type="stmt" count="8"/>
        <line num="228" type="method" name="handleException" crap="182" count="0"/>
        <line num="232" type="stmt" count="0"/>
        <line num="237" type="stmt" count="0"/>
        <line num="240" type="stmt" count="0"/>
        <line num="242" type="stmt" count="0"/>
        <line num="243" type="stmt" count="0"/>
        <line num="245" type="stmt" count="0"/>
        <line num="246" type="stmt" count="0"/>
        <line num="247" type="stmt" count="0"/>
        <line num="249" type="stmt" count="0"/>
        <line num="251" type="stmt" count="0"/>
        <line num="256" type="stmt" count="0"/>
        <line num="258" type="stmt" count="0"/>
        <line num="260" type="stmt" count="0"/>
        <line num="265" type="stmt" count="0"/>
        <line num="269" type="stmt" count="0"/>
        <line num="270" type="stmt" count="0"/>
        <line num="271" type="stmt" count="0"/>
        <line num="273" type="stmt" count="0"/>
        <line num="274" type="stmt" count="0"/>
        <line num="276" type="stmt" count="0"/>
        <line num="277" type="stmt" count="0"/>
        <line num="278" type="stmt" count="0"/>
        <line num="288" type="stmt" count="0"/>
        <line num="290" type="stmt" count="0"/>
        <line num="292" type="stmt" count="0"/>
        <line num="293" type="stmt" count="0"/>
        <line num="298" type="stmt" count="0"/>
        <line num="299" type="stmt" count="0"/>
        <line num="302" type="stmt" count="0"/>
        <line num="318" type="method" name="handleError" crap="42" count="0"/>
        <line num="320" type="stmt" count="0"/>
        <line num="321" type="stmt" count="0"/>
        <line num="322" type="stmt" count="0"/>
        <line num="323" type="stmt" count="0"/>
        <line num="324" type="stmt" count="0"/>
        <line num="326" type="stmt" count="0"/>
        <line num="328" type="stmt" count="0"/>
        <line num="330" type="stmt" count="0"/>
        <line num="331" type="stmt" count="0"/>
        <line num="332" type="stmt" count="0"/>
        <line num="334" type="stmt" count="0"/>
        <line num="336" type="stmt" count="0"/>
        <line num="337" type="stmt" count="0"/>
        <line num="342" type="method" name="handleShutdown" crap="12" count="0"/>
        <line num="347" type="stmt" count="0"/>
        <line num="349" type="stmt" count="0"/>
        <line num="350" type="stmt" count="0"/>
        <line num="353" type="stmt" count="0"/>
        <line num="354" type="stmt" count="0"/>
        <line num="355" type="stmt" count="0"/>
        <line num="356" type="stmt" count="0"/>
        <line num="357" type="stmt" count="0"/>
        <line num="358" type="stmt" count="0"/>
        <line num="359" type="stmt" count="0"/>
        <line num="360" type="stmt" count="0"/>
        <line num="368" type="method" name="isLevelFatal" crap="2" count="0"/>
        <line num="370" type="stmt" count="0"/>
        <line num="371" type="stmt" count="0"/>
        <line num="373" type="stmt" count="0"/>
        <line num="374" type="stmt" count="0"/>
        <line num="375" type="stmt" count="0"/>
        <line num="376" type="stmt" count="0"/>
        <line num="377" type="stmt" count="0"/>
        <line num="379" type="stmt" count="0"/>
        <line num="380" type="stmt" count="0"/>
        <metrics loc="382" ncloc="217" classes="1" methods="16" coveredmethods="0" conditionals="0" coveredconditionals="0" statements="122" coveredstatements="8" elements="138" coveredelements="8"/>
      </file>
    </package>
    <package name="GuzzleHttp">
      <file name="/home/mochamad/web/vanilla/workbench/gufy/reseller-club/vendor/guzzlehttp/guzzle/src/Client.php">
        <class name="Client" namespace="GuzzleHttp">
          <metrics methods="21" coveredmethods="1" conditionals="0" coveredconditionals="0" statements="152" coveredstatements="86" elements="173" coveredelements="87"/>
        </class>
        <line num="71" type="method" name="__construct" crap="7.80" count="1"/>
        <line num="73" type="stmt" count="1"/>
        <line num="74" type="stmt" count="1"/>
        <line num="76" type="stmt" count="1"/>
        <line num="77" type="stmt" count="0"/>
        <line num="78" type="stmt" count="0"/>
        <line num="80" type="stmt" count="1"/>
        <line num="81" type="stmt" count="1"/>
        <line num="82" type="stmt" count="1"/>
        <line num="84" type="stmt" count="1"/>
        <line num="85" type="stmt" count="0"/>
        <line num="86" type="stmt" count="0"/>
        <line num="87" type="stmt" count="1"/>
        <line num="88" type="stmt" count="0"/>
        <line num="89" type="stmt" count="1"/>
        <line num="90" type="stmt" count="0"/>
        <line num="91" type="stmt" count="0"/>
        <line num="92" type="stmt" count="1"/>
        <line num="94" type="stmt" count="1"/>
        <line num="96" type="stmt" count="1"/>
        <line num="103" type="method" name="getDefaultHandler" crap="12.52" count="1"/>
        <line num="105" type="stmt" count="1"/>
        <line num="107" type="stmt" count="1"/>
        <line num="109" type="stmt" count="1"/>
        <line num="110" type="stmt" count="1"/>
        <line num="111" type="stmt" count="1"/>
        <line num="112" type="stmt" count="0"/>
        <line num="113" type="stmt" count="0"/>
        <line num="114" type="stmt" count="1"/>
        <line num="115" type="stmt" count="1"/>
        <line num="116" type="stmt" count="1"/>
        <line num="117" type="stmt" count="1"/>
        <line num="118" type="stmt" count="1"/>
        <line num="120" type="stmt" count="1"/>
        <line num="121" type="stmt" count="1"/>
        <line num="122" type="stmt" count="1"/>
        <line num="124" type="stmt" count="1"/>
        <line num="125" type="stmt" count="0"/>
        <line num="126" type="stmt" count="0"/>
        <line num="129" type="stmt" count="1"/>
        <line num="131" type="stmt" count="1"/>
        <line num="132" type="stmt" count="1"/>
        <line num="133" type="stmt" count="1"/>
        <line num="135" type="stmt" count="1"/>
        <line num="136" type="stmt" count="1"/>
        <line num="137" type="stmt" count="1"/>
        <line num="139" type="stmt" count="1"/>
        <line num="147" type="method" name="getDefaultUserAgent" crap="3" count="1"/>
        <line num="149" type="stmt" count="1"/>
        <line num="150" type="stmt" count="1"/>
        <line num="151" type="stmt" count="1"/>
        <line num="152" type="stmt" count="1"/>
        <line num="153" type="stmt" count="1"/>
        <line num="154" type="stmt" count="1"/>
        <line num="155" type="stmt" count="1"/>
        <line num="156" type="stmt" count="1"/>
        <line num="158" type="stmt" count="1"/>
        <line num="161" type="method" name="getDefaultOption" crap="6" count="0"/>
        <line num="164" type="stmt" count="0"/>
        <line num="165" type="stmt" count="0"/>
        <line num="168" type="method" name="setDefaultOption" crap="2" count="0"/>
        <line num="170" type="stmt" count="0"/>
        <line num="171" type="stmt" count="0"/>
        <line num="173" type="method" name="getBaseUrl" crap="2" count="0"/>
        <line num="175" type="stmt" count="0"/>
        <line num="178" type="method" name="createRequest" crap="6.97" count="1"/>
        <line num="180" type="stmt" count="1"/>
        <line num="182" type="stmt" count="1"/>
        <line num="184" type="stmt" count="1"/>
        <line num="185" type="stmt" count="1"/>
        <line num="186" type="stmt" count="1"/>
        <line num="188" type="stmt" count="1"/>
        <line num="191" type="stmt" count="1"/>
        <line num="192" type="stmt" count="0"/>
        <line num="193" type="stmt" count="0"/>
        <line num="194" type="stmt" count="0"/>
        <line num="195" type="stmt" count="0"/>
        <line num="196" type="stmt" count="0"/>
        <line num="197" type="stmt" count="0"/>
        <line num="199" type="stmt" count="1"/>
        <line num="202" type="method" name="get" crap="2" count="0"/>
        <line num="204" type="stmt" count="0"/>
        <line num="207" type="method" name="head" crap="2" count="0"/>
        <line num="209" type="stmt" count="0"/>
        <line num="212" type="method" name="delete" crap="2" count="0"/>
        <line num="214" type="stmt" count="0"/>
        <line num="217" type="method" name="put" crap="2" count="0"/>
        <line num="219" type="stmt" count="0"/>
        <line num="222" type="method" name="patch" crap="2" count="0"/>
        <line num="224" type="stmt" count="0"/>
        <line num="227" type="method" name="post" crap="2" count="0"/>
        <line num="229" type="stmt" count="0"/>
        <line num="232" type="method" name="options" crap="2" count="0"/>
        <line num="234" type="stmt" count="0"/>
        <line num="237" type="method" name="send" crap="9.66" count="1"/>
        <line num="239" type="stmt" count="1"/>
        <line num="240" type="stmt" count="1"/>
        <line num="243" type="stmt" count="1"/>
        <line num="245" type="stmt" count="0"/>
        <line num="247" type="stmt" count="0"/>
        <line num="248" type="stmt" count="0"/>
        <line num="249" type="stmt" count="0"/>
        <line num="250" type="stmt" count="0"/>
        <line num="252" type="stmt" count="0"/>
        <line num="256" type="stmt" count="1"/>
        <line num="257" type="stmt" count="1"/>
        <line num="258" type="stmt" count="1"/>
        <line num="259" type="stmt" count="0"/>
        <line num="260" type="stmt" count="1"/>
        <line num="261" type="stmt" count="1"/>
        <line num="271" type="method" name="getDefaultOptions" crap="3.43" count="1"/>
        <line num="274" type="stmt" count="1"/>
        <line num="275" type="stmt" count="1"/>
        <line num="276" type="stmt" count="1"/>
        <line num="278" type="stmt" count="1"/>
        <line num="281" type="stmt" count="1"/>
        <line num="282" type="stmt" count="0"/>
        <line num="283" type="stmt" count="0"/>
        <line num="285" type="stmt" count="1"/>
        <line num="286" type="stmt" count="0"/>
        <line num="287" type="stmt" count="0"/>
        <line num="289" type="stmt" count="1"/>
        <line num="299" type="method" name="buildUrl" crap="6.74" count="1"/>
        <line num="302" type="stmt" count="1"/>
        <line num="303" type="stmt" count="1"/>
        <line num="304" type="stmt" count="1"/>
        <line num="305" type="stmt" count="1"/>
        <line num="309" type="stmt" count="0"/>
        <line num="310" type="stmt" count="0"/>
        <line num="314" type="stmt" count="0"/>
        <line num="315" type="stmt" count="0"/>
        <line num="316" type="stmt" count="0"/>
        <line num="319" type="method" name="configureBaseUrl" crap="5.99" count="1"/>
        <line num="321" type="stmt" count="1"/>
        <line num="322" type="stmt" count="1"/>
        <line num="323" type="stmt" count="1"/>
        <line num="324" type="stmt" count="0"/>
        <line num="325" type="stmt" count="0"/>
        <line num="326" type="stmt" count="0"/>
        <line num="327" type="stmt" count="0"/>
        <line num="328" type="stmt" count="0"/>
        <line num="329" type="stmt" count="0"/>
        <line num="330" type="stmt" count="0"/>
        <line num="331" type="stmt" count="0"/>
        <line num="332" type="stmt" count="0"/>
        <line num="334" type="stmt" count="1"/>
        <line num="336" type="method" name="configureDefaults" crap="5.02" count="1"/>
        <line num="338" type="stmt" count="1"/>
        <line num="339" type="stmt" count="1"/>
        <line num="340" type="stmt" count="1"/>
        <line num="341" type="stmt" count="0"/>
        <line num="342" type="stmt" count="0"/>
        <line num="343" type="stmt" count="0"/>
        <line num="344" type="stmt" count="0"/>
        <line num="348" type="stmt" count="1"/>
        <line num="349" type="stmt" count="1"/>
        <line num="350" type="stmt" count="1"/>
        <line num="351" type="stmt" count="1"/>
        <line num="352" type="stmt" count="1"/>
        <line num="354" type="stmt" count="0"/>
        <line num="355" type="stmt" count="0"/>
        <line num="356" type="stmt" count="1"/>
        <line num="367" type="method" name="mergeDefaults" crap="4.68" count="1"/>
        <line num="370" type="stmt" count="1"/>
        <line num="371" type="stmt" count="1"/>
        <line num="372" type="stmt" count="1"/>
        <line num="375" type="stmt" count="0"/>
        <line num="376" type="stmt" count="0"/>
        <line num="377" type="stmt" count="0"/>
        <line num="379" type="stmt" count="0"/>
        <line num="386" type="method" name="sendAll" crap="2" count="0"/>
        <line num="388" type="stmt" count="0"/>
        <line num="389" type="stmt" count="0"/>
        <metrics loc="390" ncloc="291" classes="1" methods="21" coveredmethods="1" conditionals="0" coveredconditionals="0" statements="152" coveredstatements="86" elements="173" coveredelements="87"/>
      </file>
      <file name="/home/mochamad/web/vanilla/workbench/gufy/reseller-club/vendor/guzzlehttp/guzzle/src/Collection.php">
        <class name="Collection" namespace="GuzzleHttp">
          <metrics methods="15" coveredmethods="2" conditionals="0" coveredconditionals="0" statements="51" coveredstatements="3" elements="66" coveredelements="5"/>
        </class>
        <line num="18" type="method" name="__construct" crap="1" count="1"/>
        <line num="20" type="stmt" count="1"/>
        <line num="21" type="stmt" count="1"/>
        <line num="34" type="method" name="fromConfig" crap="6" count="0"/>
        <line num="39" type="stmt" count="0"/>
        <line num="41" type="stmt" count="0"/>
        <line num="42" type="stmt" count="0"/>
        <line num="44" type="stmt" count="0"/>
        <line num="47" type="stmt" count="0"/>
        <line num="53" type="method" name="clear" crap="2" count="0"/>
        <line num="55" type="stmt" count="0"/>
        <line num="56" type="stmt" count="0"/>
        <line num="65" type="method" name="get" crap="2" count="1"/>
        <line num="67" type="stmt" count="1"/>
        <line num="76" type="method" name="set" crap="2" count="0"/>
        <line num="78" type="stmt" count="0"/>
        <line num="79" type="stmt" count="0"/>
        <line num="89" type="method" name="add" crap="12" count="0"/>
        <line num="91" type="stmt" count="0"/>
        <line num="92" type="stmt" count="0"/>
        <line num="93" type="stmt" count="0"/>
        <line num="94" type="stmt" count="0"/>
        <line num="95" type="stmt" count="0"/>
        <line num="96" type="stmt" count="0"/>
        <line num="98" type="stmt" count="0"/>
        <line num="105" type="method" name="remove" crap="2" count="0"/>
        <line num="107" type="stmt" count="0"/>
        <line num="108" type="stmt" count="0"/>
        <line num="115" type="method" name="getKeys" crap="2" count="0"/>
        <line num="117" type="stmt" count="0"/>
        <line num="127" type="method" name="hasKey" crap="2" count="0"/>
        <line num="129" type="stmt" count="0"/>
        <line num="140" type="method" name="hasValue" crap="2" count="0"/>
        <line num="142" type="stmt" count="0"/>
        <line num="150" type="method" name="replace" crap="2" count="0"/>
        <line num="152" type="stmt" count="0"/>
        <line num="153" type="stmt" count="0"/>
        <line num="160" type="method" name="merge" crap="6" count="0"/>
        <line num="162" type="stmt" count="0"/>
        <line num="163" type="stmt" count="0"/>
        <line num="164" type="stmt" count="0"/>
        <line num="165" type="stmt" count="0"/>
        <line num="173" type="method" name="overwriteWith" crap="20" count="0"/>
        <line num="175" type="stmt" count="0"/>
        <line num="176" type="stmt" count="0"/>
        <line num="177" type="stmt" count="0"/>
        <line num="178" type="stmt" count="0"/>
        <line num="179" type="stmt" count="0"/>
        <line num="180" type="stmt" count="0"/>
        <line num="181" type="stmt" count="0"/>
        <line num="182" type="stmt" count="0"/>
        <line num="184" type="stmt" count="0"/>
        <line num="202" type="method" name="map" crap="6" count="0"/>
        <line num="204" type="stmt" count="0"/>
        <line num="205" type="stmt" count="0"/>
        <line num="206" type="stmt" count="0"/>
        <line num="207" type="stmt" count="0"/>
        <line num="209" type="stmt" count="0"/>
        <line num="225" type="method" name="filter" crap="12" count="0"/>
        <line num="227" type="stmt" count="0"/>
        <line num="228" type="stmt" count="0"/>
        <line num="229" type="stmt" count="0"/>
        <line num="230" type="stmt" count="0"/>
        <line num="231" type="stmt" count="0"/>
        <line num="232" type="stmt" count="0"/>
        <line num="234" type="stmt" count="0"/>
        <metrics loc="236" ncloc="125" classes="1" methods="15" coveredmethods="2" conditionals="0" coveredconditionals="0" statements="51" coveredstatements="3" elements="66" coveredelements="5"/>
      </file>
      <file name="/home/mochamad/web/vanilla/workbench/gufy/reseller-club/vendor/guzzlehttp/guzzle/src/HasDataTrait.php">
        <class name="HasDataTrait" namespace="GuzzleHttp">
          <metrics methods="9" coveredmethods="4" conditionals="0" coveredconditionals="0" statements="12" coveredstatements="5" elements="21" coveredelements="9"/>
        </class>
        <line num="13" type="method" name="getIterator" crap="2" count="0"/>
        <line num="15" type="stmt" count="0"/>
        <line num="18" type="method" name="offsetGet" crap="2" count="1"/>
        <line num="20" type="stmt" count="1"/>
        <line num="23" type="method" name="offsetSet" crap="1" count="1"/>
        <line num="25" type="stmt" count="1"/>
        <line num="26" type="stmt" count="1"/>
        <line num="28" type="method" name="offsetExists" crap="1" count="1"/>
        <line num="30" type="stmt" count="1"/>
        <line num="33" type="method" name="offsetUnset" crap="2" count="0"/>
        <line num="35" type="stmt" count="0"/>
        <line num="36" type="stmt" count="0"/>
        <line num="38" type="method" name="toArray" crap="1" count="1"/>
        <line num="40" type="stmt" count="1"/>
        <line num="43" type="method" name="count" crap="2" count="0"/>
        <line num="45" type="stmt" count="0"/>
        <line num="56" type="method" name="getPath" crap="2" count="0"/>
        <line num="58" type="stmt" count="0"/>
        <line num="71" type="method" name="setPath" crap="2" count="0"/>
        <line num="73" type="stmt" count="0"/>
        <line num="74" type="stmt" count="0"/>
        <metrics loc="75" ncloc="52" classes="1" methods="9" coveredmethods="4" conditionals="0" coveredconditionals="0" statements="12" coveredstatements="5" elements="21" coveredelements="9"/>
      </file>
      <file name="/home/mochamad/web/vanilla/workbench/gufy/reseller-club/vendor/guzzlehttp/guzzle/src/Query.php">
        <class name="Query" namespace="GuzzleHttp">
          <metrics methods="12" coveredmethods="2" conditionals="0" coveredconditionals="0" statements="76" coveredstatements="36" elements="88" coveredelements="38"/>
        </class>
        <line num="39" type="method" name="fromString" crap="12" count="0"/>
        <line num="41" type="stmt" count="0"/>
        <line num="42" type="stmt" count="0"/>
        <line num="43" type="stmt" count="0"/>
        <line num="44" type="stmt" count="0"/>
        <line num="46" type="stmt" count="0"/>
        <line num="48" type="stmt" count="0"/>
        <line num="49" type="stmt" count="0"/>
        <line num="50" type="stmt" count="0"/>
        <line num="52" type="stmt" count="0"/>
        <line num="54" type="stmt" count="0"/>
        <line num="62" type="method" name="__toString" crap="8" count="1"/>
        <line num="64" type="stmt" count="1"/>
        <line num="65" type="stmt" count="0"/>
        <line num="69" type="stmt" count="1"/>
        <line num="71" type="stmt" count="1"/>
        <line num="72" type="stmt" count="1"/>
        <line num="73" type="stmt" count="1"/>
        <line num="74" type="stmt" count="1"/>
        <line num="75" type="stmt" count="1"/>
        <line num="76" type="stmt" count="1"/>
        <line num="78" type="stmt" count="1"/>
        <line num="79" type="stmt" count="1"/>
        <line num="80" type="stmt" count="1"/>
        <line num="82" type="stmt" count="1"/>
        <line num="83" type="stmt" count="1"/>
        <line num="84" type="stmt" count="1"/>
        <line num="85" type="stmt" count="1"/>
        <line num="86" type="stmt" count="1"/>
        <line num="87" type="stmt" count="1"/>
        <line num="88" type="stmt" count="1"/>
        <line num="89" type="stmt" count="1"/>
        <line num="90" type="stmt" count="1"/>
        <line num="91" type="stmt" count="1"/>
        <line num="92" type="stmt" count="1"/>
        <line num="94" type="stmt" count="1"/>
        <line num="109" type="method" name="setAggregator" crap="2" count="0"/>
        <line num="111" type="stmt" count="0"/>
        <line num="112" type="stmt" count="0"/>
        <line num="121" type="method" name="setEncodingType" crap="20" count="0"/>
        <line num="124" type="stmt" count="0"/>
        <line num="125" type="stmt" count="0"/>
        <line num="126" type="stmt" count="0"/>
        <line num="127" type="stmt" count="0"/>
        <line num="128" type="stmt" count="0"/>
        <line num="129" type="stmt" count="0"/>
        <line num="130" type="stmt" count="0"/>
        <line num="132" type="stmt" count="0"/>
        <line num="133" type="stmt" count="0"/>
        <line num="134" type="stmt" count="0"/>
        <line num="135" type="stmt" count="0"/>
        <line num="136" type="stmt" count="0"/>
        <line num="146" type="method" name="duplicateAggregator" crap="6" count="0"/>
        <line num="150" type="stmt" count="0"/>
        <line num="151" type="stmt" count="0"/>
        <line num="152" type="stmt" count="0"/>
        <line num="164" type="method" name="phpAggregator" crap="3" count="1"/>
        <line num="167" type="stmt" count="1"/>
        <line num="168" type="stmt" count="1"/>
        <line num="169" type="stmt" count="1"/>
        <line num="170" type="method" name="anonymous function" crap="12" count="0"/>
        <line num="171" type="stmt" count="0"/>
        <line num="172" type="stmt" count="0"/>
        <line num="173" type="stmt" count="0"/>
        <line num="175" type="stmt" count="1"/>
        <line num="176" type="stmt" count="1"/>
        <line num="189" type="method" name="walkQuery" crap="6.42" count="1"/>
        <line num="191" type="stmt" count="1"/>
        <line num="192" type="stmt" count="1"/>
        <line num="193" type="stmt" count="1"/>
        <line num="194" type="stmt" count="0"/>
        <line num="195" type="stmt" count="0"/>
        <line num="196" type="stmt" count="1"/>
        <line num="197" type="stmt" count="0"/>
        <line num="198" type="stmt" count="1"/>
        <line num="199" type="stmt" count="0"/>
        <line num="200" type="stmt" count="0"/>
        <line num="201" type="stmt" count="1"/>
        <line num="203" type="stmt" count="1"/>
        <line num="205" type="stmt" count="1"/>
        <line num="208" type="method" name="rfc3986Encoding" crap="1" count="1"/>
        <line num="210" type="stmt" count="1"/>
        <line num="211" type="stmt" count="1"/>
        <line num="214" type="method" name="rfc1738Encoding" crap="2" count="0"/>
        <line num="216" type="stmt" count="0"/>
        <line num="217" type="stmt" count="0"/>
        <line num="220" type="method" name="rawurlencodeMatch" crap="2" count="0"/>
        <line num="222" type="stmt" count="0"/>
        <line num="225" type="method" name="urlencodeMatch" crap="2" count="0"/>
        <line num="227" type="stmt" count="0"/>
        <metrics loc="229" ncloc="152" classes="1" methods="12" coveredmethods="2" conditionals="0" coveredconditionals="0" statements="78" coveredstatements="38" elements="90" coveredelements="40"/>
      </file>
      <file name="/home/mochamad/web/vanilla/workbench/gufy/reseller-club/vendor/guzzlehttp/guzzle/src/RequestFsm.php">
        <class name="RequestFsm" namespace="GuzzleHttp">
          <metrics methods="8" coveredmethods="3" conditionals="0" coveredconditionals="0" statements="66" coveredstatements="46" elements="74" coveredelements="49"/>
        </class>
        <line num="47" type="method" name="__construct" crap="1" count="1"/>
        <line num="49" type="stmt" count="1"/>
        <line num="52" type="stmt" count="1"/>
        <line num="53" type="stmt" count="1"/>
        <line num="54" type="stmt" count="1"/>
        <line num="55" type="stmt" count="1"/>
        <line num="67" type="method" name="__invoke" crap="14.69" count="1"/>
        <line num="69" type="stmt" count="1"/>
        <line num="71" type="stmt" count="1"/>
        <line num="72" type="stmt" count="1"/>
        <line num="73" type="stmt" count="1"/>
        <line num="75" type="stmt" count="1"/>
        <line num="77" type="stmt" count="1"/>
        <line num="78" type="stmt" count="0"/>
        <line num="79" type="stmt" count="1"/>
        <line num="80" type="stmt" count="0"/>
        <line num="82" type="stmt" count="0"/>
        <line num="83" type="stmt" count="0"/>
        <line num="86" type="stmt" count="1"/>
        <line num="90" type="stmt" count="1"/>
        <line num="91" type="stmt" count="1"/>
        <line num="93" type="stmt" count="0"/>
        <line num="94" type="stmt" count="0"/>
        <line num="95" type="stmt" count="0"/>
        <line num="97" type="stmt" count="0"/>
        <line num="98" type="stmt" count="0"/>
        <line num="101" type="stmt" count="1"/>
        <line num="103" type="stmt" count="1"/>
        <line num="104" type="stmt" count="1"/>
        <line num="106" type="stmt" count="1"/>
        <line num="109" type="stmt" count="1"/>
        <line num="111" type="stmt" count="0"/>
        <line num="112" type="stmt" count="1"/>
        <line num="113" type="stmt" count="1"/>
        <line num="115" type="stmt" count="1"/>
        <line num="116" type="stmt" count="1"/>
        <line num="119" type="stmt" count="1"/>
        <line num="121" type="stmt" count="1"/>
        <line num="122" type="stmt" count="1"/>
        <line num="124" type="method" name="before" crap="1" count="1"/>
        <line num="126" type="stmt" count="1"/>
        <line num="131" type="stmt" count="1"/>
        <line num="134" type="method" name="send" crap="1" count="1"/>
        <line num="136" type="stmt" count="1"/>
        <line num="137" type="stmt" count="1"/>
        <line num="138" type="stmt" count="1"/>
        <line num="139" type="method" name="anonymous function" crap="1.12" count="1"/>
        <line num="140" type="stmt" count="1"/>
        <line num="141" type="stmt" count="0"/>
        <line num="143" type="stmt" count="1"/>
        <line num="144" type="stmt" count="1"/>
        <line num="154" type="method" name="error" crap="3.05" count="1"/>
        <line num="157" type="stmt" count="1"/>
        <line num="158" type="stmt" count="1"/>
        <line num="159" type="stmt" count="1"/>
        <line num="160" type="stmt" count="1"/>
        <line num="161" type="stmt" count="1"/>
        <line num="164" type="stmt" count="1"/>
        <line num="165" type="stmt" count="1"/>
        <line num="167" type="stmt" count="1"/>
        <line num="168" type="stmt" count="1"/>
        <line num="171" type="stmt" count="0"/>
        <line num="174" type="stmt" count="0"/>
        <line num="181" type="method" name="complete" crap="6" count="0"/>
        <line num="184" type="stmt" count="0"/>
        <line num="185" type="stmt" count="0"/>
        <line num="188" type="stmt" count="0"/>
        <line num="189" type="stmt" count="0"/>
        <line num="192" type="stmt" count="0"/>
        <line num="198" type="method" name="end" crap="4.59" count="1"/>
        <line num="202" type="stmt" count="1"/>
        <line num="203" type="stmt" count="0"/>
        <line num="206" type="stmt" count="1"/>
        <line num="210" type="stmt" count="1"/>
        <line num="211" type="stmt" count="1"/>
        <line num="213" type="stmt" count="0"/>
        <metrics loc="214" ncloc="141" classes="1" methods="8" coveredmethods="3" conditionals="0" coveredconditionals="0" statements="68" coveredstatements="48" elements="76" coveredelements="51"/>
      </file>
      <file name="/home/mochamad/web/vanilla/workbench/gufy/reseller-club/vendor/guzzlehttp/guzzle/src/RingBridge.php">
        <class name="RingBridge" namespace="GuzzleHttp">
          <metrics methods="6" coveredmethods="1" conditionals="0" coveredconditionals="0" statements="62" coveredstatements="27" elements="68" coveredelements="28"/>
        </class>
        <line num="28" type="method" name="createRingRequest" crap="3" count="1"/>
        <line num="30" type="stmt" count="1"/>
        <line num="31" type="stmt" count="1"/>
        <line num="33" type="stmt" count="1"/>
        <line num="36" type="stmt" count="1"/>
        <line num="37" type="stmt" count="1"/>
        <line num="38" type="stmt" count="1"/>
        <line num="39" type="stmt" count="1"/>
        <line num="40" type="stmt" count="1"/>
        <line num="41" type="stmt" count="1"/>
        <line num="42" type="stmt" count="1"/>
        <line num="43" type="stmt" count="1"/>
        <line num="44" type="stmt" count="1"/>
        <line num="45" type="stmt" count="1"/>
        <line num="46" type="stmt" count="1"/>
        <line num="56" type="method" name="prepareRingRequest" crap="2.06" count="1"/>
        <line num="59" type="stmt" count="1"/>
        <line num="60" type="stmt" count="1"/>
        <line num="63" type="stmt" count="1"/>
        <line num="64" type="stmt" count="0"/>
        <line num="65" type="method" name="anonymous function" crap="2" count="0"/>
        <line num="66" type="stmt" count="0"/>
        <line num="67" type="stmt" count="0"/>
        <line num="68" type="stmt" count="0"/>
        <line num="70" type="stmt" count="1"/>
        <line num="83" type="method" name="completeRingResponse" crap="36.57" count="1"/>
        <line num="89" type="stmt" count="1"/>
        <line num="90" type="stmt" count="1"/>
        <line num="91" type="stmt" count="1"/>
        <line num="93" type="stmt" count="1"/>
        <line num="94" type="stmt" count="0"/>
        <line num="95" type="stmt" count="0"/>
        <line num="96" type="stmt" count="0"/>
        <line num="97" type="stmt" count="0"/>
        <line num="98" type="stmt" count="0"/>
        <line num="99" type="stmt" count="0"/>
        <line num="100" type="stmt" count="0"/>
        <line num="101" type="stmt" count="0"/>
        <line num="102" type="stmt" count="0"/>
        <line num="103" type="stmt" count="0"/>
        <line num="104" type="stmt" count="0"/>
        <line num="106" type="stmt" count="0"/>
        <line num="107" type="stmt" count="0"/>
        <line num="108" type="stmt" count="0"/>
        <line num="109" type="stmt" count="0"/>
        <line num="110" type="stmt" count="1"/>
        <line num="112" type="stmt" count="0"/>
        <line num="113" type="stmt" count="0"/>
        <line num="115" type="stmt" count="1"/>
        <line num="116" type="stmt" count="1"/>
        <line num="117" type="stmt" count="1"/>
        <line num="118" type="stmt" count="1"/>
        <line num="121" type="stmt" count="1"/>
        <line num="122" type="stmt" count="0"/>
        <line num="132" type="method" name="fromRingRequest" crap="30" count="0"/>
        <line num="134" type="stmt" count="0"/>
        <line num="135" type="stmt" count="0"/>
        <line num="136" type="stmt" count="0"/>
        <line num="137" type="stmt" count="0"/>
        <line num="139" type="stmt" count="0"/>
        <line num="140" type="stmt" count="0"/>
        <line num="143" type="stmt" count="0"/>
        <line num="144" type="stmt" count="0"/>
        <line num="145" type="stmt" count="0"/>
        <line num="146" type="stmt" count="0"/>
        <line num="147" type="stmt" count="0"/>
        <line num="149" type="stmt" count="0"/>
        <line num="160" type="method" name="getNoRingResponseException" crap="2" count="0"/>
        <line num="167" type="stmt" count="0"/>
        <line num="168" type="stmt" count="0"/>
        <metrics loc="170" ncloc="113" classes="1" methods="6" coveredmethods="1" conditionals="0" coveredconditionals="0" statements="64" coveredstatements="28" elements="70" coveredelements="29"/>
      </file>
      <file name="/home/mochamad/web/vanilla/workbench/gufy/reseller-club/vendor/guzzlehttp/guzzle/src/Transaction.php">
        <class name="Transaction" namespace="GuzzleHttp">
          <metrics methods="1" coveredmethods="1" conditionals="0" coveredconditionals="0" statements="3" coveredstatements="3" elements="4" coveredelements="4"/>
        </class>
        <line num="78" type="method" name="__construct" crap="1" count="1"/>
        <line num="82" type="stmt" count="1"/>
        <line num="83" type="stmt" count="1"/>
        <line num="84" type="stmt" count="1"/>
        <metrics loc="85" ncloc="30" classes="1" methods="1" coveredmethods="1" conditionals="0" coveredconditionals="0" statements="3" coveredstatements="3" elements="4" coveredelements="4"/>
      </file>
      <file name="/home/mochamad/web/vanilla/workbench/gufy/reseller-club/vendor/guzzlehttp/guzzle/src/Url.php">
        <class name="Url" namespace="GuzzleHttp">
          <metrics methods="29" coveredmethods="8" conditionals="0" coveredconditionals="0" statements="212" coveredstatements="64" elements="241" coveredelements="72"/>
        </class>
        <line num="32" type="method" name="fromString" crap="4.77" count="1"/>
        <line num="36" type="stmt" count="1"/>
        <line num="38" type="stmt" count="1"/>
        <line num="39" type="stmt" count="0"/>
        <line num="40" type="stmt" count="0"/>
        <line num="43" type="stmt" count="1"/>
        <line num="46" type="stmt" count="1"/>
        <line num="47" type="stmt" count="0"/>
        <line num="48" type="stmt" count="0"/>
        <line num="50" type="stmt" count="1"/>
        <line num="51" type="stmt" count="1"/>
        <line num="52" type="stmt" count="1"/>
        <line num="63" type="method" name="buildUrl" crap="28.80" count="1"/>
        <line num="65" type="stmt" count="1"/>
        <line num="67" type="stmt" count="1"/>
        <line num="68" type="stmt" count="1"/>
        <line num="69" type="stmt" count="1"/>
        <line num="70" type="stmt" count="1"/>
        <line num="72" type="stmt" count="1"/>
        <line num="73" type="stmt" count="1"/>
        <line num="74" type="stmt" count="1"/>
        <line num="75" type="stmt" count="0"/>
        <line num="76" type="stmt" count="0"/>
        <line num="77" type="stmt" count="0"/>
        <line num="78" type="stmt" count="0"/>
        <line num="79" type="stmt" count="0"/>
        <line num="80" type="stmt" count="0"/>
        <line num="82" type="stmt" count="1"/>
        <line num="85" type="stmt" count="1"/>
        <line num="86" type="stmt" count="0"/>
        <line num="87" type="stmt" count="0"/>
        <line num="88" type="stmt" count="1"/>
        <line num="89" type="stmt" count="0"/>
        <line num="90" type="stmt" count="0"/>
        <line num="91" type="stmt" count="1"/>
        <line num="94" type="stmt" count="1"/>
        <line num="97" type="stmt" count="1"/>
        <line num="98" type="stmt" count="0"/>
        <line num="99" type="stmt" count="0"/>
        <line num="100" type="stmt" count="1"/>
        <line num="101" type="stmt" count="1"/>
        <line num="104" type="stmt" count="1"/>
        <line num="105" type="stmt" count="1"/>
        <line num="106" type="stmt" count="1"/>
        <line num="107" type="stmt" count="1"/>
        <line num="108" type="stmt" count="1"/>
        <line num="109" type="stmt" count="1"/>
        <line num="112" type="stmt" count="1"/>
        <line num="113" type="stmt" count="0"/>
        <line num="114" type="stmt" count="0"/>
        <line num="116" type="stmt" count="1"/>
        <line num="131" type="method" name="__construct" crap="2.00" count="1"/>
        <line num="141" type="stmt" count="1"/>
        <line num="142" type="stmt" count="1"/>
        <line num="143" type="stmt" count="1"/>
        <line num="144" type="stmt" count="1"/>
        <line num="145" type="stmt" count="1"/>
        <line num="146" type="stmt" count="1"/>
        <line num="148" type="stmt" count="1"/>
        <line num="149" type="stmt" count="1"/>
        <line num="150" type="stmt" count="1"/>
        <line num="151" type="stmt" count="0"/>
        <line num="154" type="stmt" count="1"/>
        <line num="155" type="stmt" count="1"/>
        <line num="160" type="method" name="__clone" crap="2" count="0"/>
        <line num="162" type="stmt" count="0"/>
        <line num="163" type="stmt" count="0"/>
        <line num="170" type="method" name="__toString" crap="1" count="1"/>
        <line num="172" type="stmt" count="1"/>
        <line num="180" type="method" name="getParts" crap="1" count="1"/>
        <line num="183" type="stmt" count="1"/>
        <line num="184" type="stmt" count="1"/>
        <line num="185" type="stmt" count="1"/>
        <line num="186" type="stmt" count="1"/>
        <line num="187" type="stmt" count="1"/>
        <line num="188" type="stmt" count="1"/>
        <line num="189" type="stmt" count="1"/>
        <line num="190" type="stmt" count="1"/>
        <line num="191" type="stmt" count="1"/>
        <line num="201" type="method" name="setHost" crap="6" count="0"/>
        <line num="203" type="stmt" count="0"/>
        <line num="204" type="stmt" count="0"/>
        <line num="205" type="stmt" count="0"/>
        <line num="206" type="stmt" count="0"/>
        <line num="207" type="stmt" count="0"/>
        <line num="208" type="stmt" count="0"/>
        <line num="210" type="stmt" count="0"/>
        <line num="217" type="method" name="getHost" crap="1" count="1"/>
        <line num="219" type="stmt" count="1"/>
        <line num="227" type="method" name="setScheme" crap="20" count="0"/>
        <line num="230" type="stmt" count="0"/>
        <line num="231" type="stmt" count="0"/>
        <line num="232" type="stmt" count="0"/>
        <line num="233" type="stmt" count="0"/>
        <line num="234" type="stmt" count="0"/>
        <line num="235" type="stmt" count="0"/>
        <line num="237" type="stmt" count="0"/>
        <line num="238" type="stmt" count="0"/>
        <line num="245" type="method" name="getScheme" crap="1" count="1"/>
        <line num="247" type="stmt" count="1"/>
        <line num="255" type="method" name="setPort" crap="2" count="0"/>
        <line num="257" type="stmt" count="0"/>
        <line num="258" type="stmt" count="0"/>
        <line num="268" type="method" name="getPort" crap="3.58" count="1"/>
        <line num="270" type="stmt" count="1"/>
        <line num="271" type="stmt" count="0"/>
        <line num="272" type="stmt" count="1"/>
        <line num="273" type="stmt" count="1"/>
        <line num="276" type="stmt" count="0"/>
        <line num="286" type="method" name="setPath" crap="1" count="1"/>
        <line num="288" type="stmt" count="1"/>
        <line num="289" type="stmt" count="1"/>
        <line num="295" type="method" name="removeDotSegments" crap="90" count="0"/>
        <line num="297" type="stmt" count="0"/>
        <line num="298" type="stmt" count="0"/>
        <line num="300" type="stmt" count="0"/>
        <line num="301" type="stmt" count="0"/>
        <line num="304" type="stmt" count="0"/>
        <line num="305" type="stmt" count="0"/>
        <line num="306" type="stmt" count="0"/>
        <line num="307" type="stmt" count="0"/>
        <line num="308" type="stmt" count="0"/>
        <line num="309" type="stmt" count="0"/>
        <line num="310" type="stmt" count="0"/>
        <line num="311" type="stmt" count="0"/>
        <line num="312" type="stmt" count="0"/>
        <line num="314" type="stmt" count="0"/>
        <line num="317" type="stmt" count="0"/>
        <line num="318" type="stmt" count="0"/>
        <line num="319" type="stmt" count="0"/>
        <line num="320" type="stmt" count="0"/>
        <line num="321" type="stmt" count="0"/>
        <line num="324" type="stmt" count="0"/>
        <line num="325" type="stmt" count="0"/>
        <line num="326" type="stmt" count="0"/>
        <line num="328" type="stmt" count="0"/>
        <line num="329" type="stmt" count="0"/>
        <line num="336" type="method" name="addPath" crap="42" count="0"/>
        <line num="338" type="stmt" count="0"/>
        <line num="339" type="stmt" count="0"/>
        <line num="340" type="stmt" count="0"/>
        <line num="341" type="stmt" count="0"/>
        <line num="343" type="stmt" count="0"/>
        <line num="344" type="stmt" count="0"/>
        <line num="345" type="stmt" count="0"/>
        <line num="346" type="stmt" count="0"/>
        <line num="347" type="stmt" count="0"/>
        <line num="349" type="stmt" count="0"/>
        <line num="350" type="stmt" count="0"/>
        <line num="351" type="stmt" count="0"/>
        <line num="358" type="method" name="getPath" crap="1" count="1"/>
        <line num="360" type="stmt" count="1"/>
        <line num="368" type="method" name="getPathSegments" crap="2" count="0"/>
        <line num="370" type="stmt" count="0"/>
        <line num="378" type="method" name="setPassword" crap="2" count="0"/>
        <line num="380" type="stmt" count="0"/>
        <line num="381" type="stmt" count="0"/>
        <line num="388" type="method" name="getPassword" crap="2" count="0"/>
        <line num="390" type="stmt" count="0"/>
        <line num="398" type="method" name="setUsername" crap="2" count="0"/>
        <line num="400" type="stmt" count="0"/>
        <line num="401" type="stmt" count="0"/>
        <line num="408" type="method" name="getUsername" crap="2" count="0"/>
        <line num="410" type="stmt" count="0"/>
        <line num="418" type="method" name="getQuery" crap="1" count="1"/>
        <line num="420" type="stmt" count="1"/>
        <line num="432" type="method" name="setQuery" crap="20" count="0"/>
        <line num="434" type="stmt" count="0"/>
        <line num="435" type="stmt" count="0"/>
        <line num="436" type="stmt" count="0"/>
        <line num="437" type="stmt" count="0"/>
        <line num="438" type="stmt" count="0"/>
        <line num="439" type="stmt" count="0"/>
        <line num="440" type="stmt" count="0"/>
        <line num="441" type="stmt" count="0"/>
        <line num="442" type="stmt" count="0"/>
        <line num="444" type="stmt" count="0"/>
        <line num="451" type="method" name="getFragment" crap="2" count="0"/>
        <line num="453" type="stmt" count="0"/>
        <line num="461" type="method" name="setFragment" crap="2" count="0"/>
        <line num="463" type="stmt" count="0"/>
        <line num="464" type="stmt" count="0"/>
        <line num="471" type="method" name="isAbsolute" crap="6" count="0"/>
        <line num="473" type="stmt" count="0"/>
        <line num="487" type="method" name="combine" crap="156" count="0"/>
        <line num="489" type="stmt" count="0"/>
        <line num="492" type="stmt" count="0"/>
        <line num="493" type="stmt" count="0"/>
        <line num="494" type="stmt" count="0"/>
        <line num="496" type="stmt" count="0"/>
        <line num="499" type="stmt" count="0"/>
        <line num="500" type="stmt" count="0"/>
        <line num="501" type="stmt" count="0"/>
        <line num="502" type="stmt" count="0"/>
        <line num="503" type="stmt" count="0"/>
        <line num="504" type="stmt" count="0"/>
        <line num="505" type="stmt" count="0"/>
        <line num="506" type="stmt" count="0"/>
        <line num="507" type="stmt" count="0"/>
        <line num="508" type="stmt" count="0"/>
        <line num="509" type="stmt" count="0"/>
        <line num="513" type="stmt" count="0"/>
        <line num="514" type="stmt" count="0"/>
        <line num="515" type="stmt" count="0"/>
        <line num="516" type="stmt" count="0"/>
        <line num="517" type="stmt" count="0"/>
        <line num="518" type="stmt" count="0"/>
        <line num="519" type="stmt" count="0"/>
        <line num="520" type="stmt" count="0"/>
        <line num="521" type="stmt" count="0"/>
        <line num="522" type="stmt" count="0"/>
        <line num="523" type="stmt" count="0"/>
        <line num="526" type="stmt" count="0"/>
        <line num="528" type="stmt" count="0"/>
        <line num="529" type="stmt" count="0"/>
        <line num="530" type="stmt" count="0"/>
        <line num="531" type="stmt" count="0"/>
        <line num="532" type="stmt" count="0"/>
        <line num="534" type="stmt" count="0"/>
        <line num="535" type="stmt" count="0"/>
        <line num="539" type="stmt" count="0"/>
        <line num="543" type="stmt" count="0"/>
        <line num="544" type="stmt" count="0"/>
        <line num="545" type="stmt" count="0"/>
        <line num="546" type="stmt" count="0"/>
        <line num="547" type="stmt" count="0"/>
        <line num="548" type="stmt" count="0"/>
        <line num="549" type="stmt" count="0"/>
        <line num="550" type="stmt" count="0"/>
        <line num="551" type="stmt" count="0"/>
        <line num="552" type="stmt" count="0"/>
        <line num="554" type="stmt" count="0"/>
        <line num="555" type="stmt" count="0"/>
        <line num="556" type="stmt" count="0"/>
        <line num="558" type="stmt" count="0"/>
        <line num="569" type="method" name="encodePath" crap="1" count="1"/>
        <line num="571" type="stmt" count="1"/>
        <line num="572" type="stmt" count="1"/>
        <line num="573" type="stmt" count="1"/>
        <line num="576" type="method" name="encodeMatch" crap="2" count="0"/>
        <line num="578" type="stmt" count="0"/>
        <metrics loc="580" ncloc="368" classes="1" methods="29" coveredmethods="8" conditionals="0" coveredconditionals="0" statements="212" coveredstatements="64" elements="241" coveredelements="72"/>
      </file>
    </package>
    <package name="GuzzleHttp\Event">
      <file name="/home/mochamad/web/vanilla/workbench/gufy/reseller-club/vendor/guzzlehttp/guzzle/src/Event/AbstractEvent.php">
        <class name="AbstractEvent" namespace="GuzzleHttp\Event">
          <metrics methods="2" coveredmethods="1" conditionals="0" coveredconditionals="0" statements="3" coveredstatements="1" elements="5" coveredelements="2"/>
        </class>
        <line num="11" type="method" name="isPropagationStopped" crap="1" count="1"/>
        <line num="13" type="stmt" count="1"/>
        <line num="16" type="method" name="stopPropagation" crap="2" count="0"/>
        <line num="18" type="stmt" count="0"/>
        <line num="19" type="stmt" count="0"/>
        <metrics loc="20" ncloc="17" classes="1" methods="2" coveredmethods="1" conditionals="0" coveredconditionals="0" statements="3" coveredstatements="1" elements="5" coveredelements="2"/>
      </file>
      <file name="/home/mochamad/web/vanilla/workbench/gufy/reseller-club/vendor/guzzlehttp/guzzle/src/Event/AbstractRequestEvent.php">
        <class name="AbstractRequestEvent" namespace="GuzzleHttp\Event">
          <metrics methods="4" coveredmethods="2" conditionals="0" coveredconditionals="0" statements="5" coveredstatements="3" elements="9" coveredelements="5"/>
        </class>
        <line num="19" type="method" name="__construct" crap="1" count="1"/>
        <line num="21" type="stmt" count="1"/>
        <line num="22" type="stmt" count="1"/>
        <line num="29" type="method" name="getClient" crap="2" count="0"/>
        <line num="31" type="stmt" count="0"/>
        <line num="39" type="method" name="getRequest" crap="1" count="1"/>
        <line num="41" type="stmt" count="1"/>
        <line num="47" type="method" name="getTransaction" crap="2" count="0"/>
        <line num="49" type="stmt" count="0"/>
        <metrics loc="51" ncloc="31" classes="1" methods="4" coveredmethods="2" conditionals="0" coveredconditionals="0" statements="5" coveredstatements="3" elements="9" coveredelements="5"/>
      </file>
      <file name="/home/mochamad/web/vanilla/workbench/gufy/reseller-club/vendor/guzzlehttp/guzzle/src/Event/AbstractRetryableEvent.php">
        <class name="AbstractRetryableEvent" namespace="GuzzleHttp\Event">
          <metrics methods="1" coveredmethods="0" conditionals="0" coveredconditionals="0" statements="8" coveredstatements="0" elements="9" coveredelements="0"/>
        </class>
        <line num="28" type="method" name="retry" crap="6" count="0"/>
        <line num="30" type="stmt" count="0"/>
        <line num="31" type="stmt" count="0"/>
        <line num="32" type="stmt" count="0"/>
        <line num="34" type="stmt" count="0"/>
        <line num="35" type="stmt" count="0"/>
        <line num="36" type="stmt" count="0"/>
        <line num="38" type="stmt" count="0"/>
        <line num="39" type="stmt" count="0"/>
        <metrics loc="40" ncloc="18" classes="1" methods="1" coveredmethods="0" conditionals="0" coveredconditionals="0" statements="8" coveredstatements="0" elements="9" coveredelements="0"/>
      </file>
      <file name="/home/mochamad/web/vanilla/workbench/gufy/reseller-club/vendor/guzzlehttp/guzzle/src/Event/AbstractTransferEvent.php">
        <class name="AbstractTransferEvent" namespace="GuzzleHttp\Event">
          <metrics methods="4" coveredmethods="0" conditionals="0" coveredconditionals="0" statements="10" coveredstatements="0" elements="14" coveredelements="0"/>
        </class>
        <line num="21" type="method" name="getTransferInfo" crap="12" count="0"/>
        <line num="24" type="stmt" count="0"/>
        <line num="25" type="stmt" count="0"/>
        <line num="26" type="stmt" count="0"/>
        <line num="27" type="stmt" count="0"/>
        <line num="35" type="method" name="hasResponse" crap="2" count="0"/>
        <line num="37" type="stmt" count="0"/>
        <line num="45" type="method" name="getResponse" crap="6" count="0"/>
        <line num="47" type="stmt" count="0"/>
        <line num="55" type="method" name="intercept" crap="2" count="0"/>
        <line num="57" type="stmt" count="0"/>
        <line num="58" type="stmt" count="0"/>
        <line num="59" type="stmt" count="0"/>
        <line num="60" type="stmt" count="0"/>
        <metrics loc="61" ncloc="34" classes="1" methods="4" coveredmethods="0" conditionals="0" coveredconditionals="0" statements="10" coveredstatements="0" elements="14" coveredelements="0"/>
      </file>
      <file name="/home/mochamad/web/vanilla/workbench/gufy/reseller-club/vendor/guzzlehttp/guzzle/src/Event/BeforeEvent.php">
        <class name="BeforeEvent" namespace="GuzzleHttp\Event">
          <metrics methods="1" coveredmethods="0" conditionals="0" coveredconditionals="0" statements="4" coveredstatements="0" elements="5" coveredelements="0"/>
        </class>
        <line num="20" type="method" name="intercept" crap="2" count="0"/>
        <line num="22" type="stmt" count="0"/>
        <line num="23" type="stmt" count="0"/>
        <line num="24" type="stmt" count="0"/>
        <line num="25" type="stmt" count="0"/>
        <metrics loc="26" ncloc="14" classes="1" methods="1" coveredmethods="0" conditionals="0" coveredconditionals="0" statements="4" coveredstatements="0" elements="5" coveredelements="0"/>
      </file>
      <file name="/home/mochamad/web/vanilla/workbench/gufy/reseller-club/vendor/guzzlehttp/guzzle/src/Event/Emitter.php">
        <class name="Emitter" namespace="GuzzleHttp\Event">
          <metrics methods="8" coveredmethods="1" conditionals="0" coveredconditionals="0" statements="74" coveredstatements="36" elements="82" coveredelements="37"/>
        </class>
        <line num="27" type="method" name="on" crap="8.90" count="1"/>
        <line num="28" type="stmt" count="1"/>
        <line num="29" type="stmt" count="1"/>
        <line num="30" type="stmt" count="0"/>
        <line num="31" type="stmt" count="0"/>
        <line num="32" type="stmt" count="0"/>
        <line num="33" type="stmt" count="1"/>
        <line num="34" type="stmt" count="0"/>
        <line num="35" type="stmt" count="0"/>
        <line num="36" type="stmt" count="0"/>
        <line num="37" type="stmt" count="0"/>
        <line num="39" type="stmt" count="1"/>
        <line num="40" type="stmt" count="1"/>
        <line num="41" type="stmt" count="1"/>
        <line num="45" type="method" name="anonymous function" crap="2" count="0"/>
        <line num="49" type="stmt" count="0"/>
        <line num="50" type="stmt" count="0"/>
        <line num="51" type="stmt" count="0"/>
        <line num="53" type="stmt" count="0"/>
        <line num="54" type="stmt" count="0"/>
        <line num="56" type="method" name="removeListener" crap="20" count="0"/>
        <line num="58" type="stmt" count="0"/>
        <line num="59" type="stmt" count="0"/>
        <line num="62" type="stmt" count="0"/>
        <line num="63" type="stmt" count="0"/>
        <line num="65" type="stmt" count="0"/>
        <line num="66" type="stmt" count="0"/>
        <line num="68" type="stmt" count="0"/>
        <line num="69" type="stmt" count="0"/>
        <line num="70" type="stmt" count="0"/>
        <line num="72" type="method" name="listeners" crap="10.02" count="1"/>
        <line num="75" type="stmt" count="1"/>
        <line num="76" type="stmt" count="0"/>
        <line num="77" type="stmt" count="0"/>
        <line num="78" type="stmt" count="0"/>
        <line num="79" type="stmt" count="0"/>
        <line num="80" type="stmt" count="0"/>
        <line num="81" type="stmt" count="0"/>
        <line num="85" type="stmt" count="1"/>
        <line num="86" type="stmt" count="1"/>
        <line num="87" type="stmt" count="1"/>
        <line num="88" type="stmt" count="1"/>
        <line num="89" type="stmt" count="1"/>
        <line num="90" type="stmt" count="1"/>
        <line num="91" type="stmt" count="1"/>
        <line num="92" type="stmt" count="1"/>
        <line num="93" type="stmt" count="1"/>
        <line num="94" type="stmt" count="1"/>
        <line num="95" type="stmt" count="1"/>
        <line num="97" type="stmt" count="1"/>
        <line num="100" type="method" name="hasListeners" crap="1" count="1"/>
        <line num="102" type="stmt" count="1"/>
        <line num="105" type="method" name="emit" crap="4.03" count="1"/>
        <line num="107" type="stmt" count="1"/>
        <line num="108" type="stmt" count="1"/>
        <line num="109" type="stmt" count="1"/>
        <line num="110" type="stmt" count="1"/>
        <line num="111" type="stmt" count="0"/>
        <line num="113" type="stmt" count="1"/>
        <line num="114" type="stmt" count="1"/>
        <line num="116" type="stmt" count="1"/>
        <line num="119" type="method" name="attach" crap="9.75" count="1"/>
        <line num="121" type="stmt" count="1"/>
        <line num="122" type="stmt" count="1"/>
        <line num="123" type="stmt" count="0"/>
        <line num="124" type="stmt" count="0"/>
        <line num="125" type="stmt" count="0"/>
        <line num="126" type="stmt" count="0"/>
        <line num="127" type="stmt" count="0"/>
        <line num="128" type="stmt" count="0"/>
        <line num="129" type="stmt" count="0"/>
        <line num="130" type="stmt" count="0"/>
        <line num="131" type="stmt" count="1"/>
        <line num="132" type="stmt" count="1"/>
        <line num="133" type="stmt" count="1"/>
        <line num="134" type="stmt" count="1"/>
        <line num="135" type="stmt" count="1"/>
        <line num="137" type="stmt" count="1"/>
        <line num="138" type="stmt" count="1"/>
        <line num="140" type="method" name="detach" crap="6" count="0"/>
        <line num="142" type="stmt" count="0"/>
        <line num="143" type="stmt" count="0"/>
        <line num="144" type="stmt" count="0"/>
        <line num="145" type="stmt" count="0"/>
        <metrics loc="146" ncloc="125" classes="1" methods="8" coveredmethods="1" conditionals="0" coveredconditionals="0" statements="76" coveredstatements="36" elements="84" coveredelements="37"/>
      </file>
      <file name="/home/mochamad/web/vanilla/workbench/gufy/reseller-club/vendor/guzzlehttp/guzzle/src/Event/EndEvent.php">
        <class name="EndEvent" namespace="GuzzleHttp\Event">
          <metrics methods="1" coveredmethods="0" conditionals="0" coveredconditionals="0" statements="1" coveredstatements="0" elements="2" coveredelements="0"/>
        </class>
        <line num="24" type="method" name="getException" crap="2" count="0"/>
        <line num="26" type="stmt" count="0"/>
        <metrics loc="28" ncloc="10" classes="1" methods="1" coveredmethods="0" conditionals="0" coveredconditionals="0" statements="1" coveredstatements="0" elements="2" coveredelements="0"/>
      </file>
      <file name="/home/mochamad/web/vanilla/workbench/gufy/reseller-club/vendor/guzzlehttp/guzzle/src/Event/ErrorEvent.php">
        <class name="ErrorEvent" namespace="GuzzleHttp\Event">
          <metrics methods="1" coveredmethods="0" conditionals="0" coveredconditionals="0" statements="1" coveredstatements="0" elements="2" coveredelements="0"/>
        </class>
        <line num="23" type="method" name="getException" crap="2" count="0"/>
        <line num="25" type="stmt" count="0"/>
        <metrics loc="27" ncloc="12" classes="1" methods="1" coveredmethods="0" conditionals="0" coveredconditionals="0" statements="1" coveredstatements="0" elements="2" coveredelements="0"/>
      </file>
      <file name="/home/mochamad/web/vanilla/workbench/gufy/reseller-club/vendor/guzzlehttp/guzzle/src/Event/HasEmitterTrait.php">
        <class name="HasEmitterTrait" namespace="GuzzleHttp\Event">
          <metrics methods="1" coveredmethods="1" conditionals="0" coveredconditionals="0" statements="4" coveredstatements="4" elements="5" coveredelements="5"/>
        </class>
        <line num="12" type="method" name="getEmitter" crap="2" count="1"/>
        <line num="14" type="stmt" count="1"/>
        <line num="15" type="stmt" count="1"/>
        <line num="16" type="stmt" count="1"/>
        <line num="18" type="stmt" count="1"/>
        <metrics loc="20" ncloc="16" classes="1" methods="1" coveredmethods="1" conditionals="0" coveredconditionals="0" statements="4" coveredstatements="4" elements="5" coveredelements="5"/>
      </file>
      <file name="/home/mochamad/web/vanilla/workbench/gufy/reseller-club/vendor/guzzlehttp/guzzle/src/Event/ListenerAttacherTrait.php">
        <class name="ListenerAttacherTrait" namespace="GuzzleHttp\Event">
          <metrics methods="3" coveredmethods="0" conditionals="0" coveredconditionals="0" statements="30" coveredstatements="0" elements="33" coveredelements="0"/>
        </class>
        <line num="20" type="method" name="attachListeners" crap="12" count="0"/>
        <line num="22" type="stmt" count="0"/>
        <line num="23" type="stmt" count="0"/>
        <line num="24" type="stmt" count="0"/>
        <line num="25" type="stmt" count="0"/>
        <line num="26" type="stmt" count="0"/>
        <line num="27" type="stmt" count="0"/>
        <line num="29" type="stmt" count="0"/>
        <line num="30" type="stmt" count="0"/>
        <line num="43" type="method" name="prepareListeners" crap="12" count="0"/>
        <line num="45" type="stmt" count="0"/>
        <line num="46" type="stmt" count="0"/>
        <line num="47" type="stmt" count="0"/>
        <line num="48" type="stmt" count="0"/>
        <line num="49" type="stmt" count="0"/>
        <line num="50" type="stmt" count="0"/>
        <line num="52" type="stmt" count="0"/>
        <line num="66" type="method" name="buildListener" crap="30" count="0"/>
        <line num="68" type="stmt" count="0"/>
        <line num="71" type="stmt" count="0"/>
        <line num="72" type="stmt" count="0"/>
        <line num="73" type="stmt" count="0"/>
        <line num="76" type="stmt" count="0"/>
        <line num="77" type="stmt" count="0"/>
        <line num="78" type="stmt" count="0"/>
        <line num="79" type="stmt" count="0"/>
        <line num="80" type="stmt" count="0"/>
        <line num="81" type="stmt" count="0"/>
        <line num="82" type="stmt" count="0"/>
        <line num="83" type="stmt" count="0"/>
        <line num="84" type="stmt" count="0"/>
        <line num="85" type="stmt" count="0"/>
        <line num="87" type="stmt" count="0"/>
        <metrics loc="88" ncloc="48" classes="1" methods="3" coveredmethods="0" conditionals="0" coveredconditionals="0" statements="30" coveredstatements="0" elements="33" coveredelements="0"/>
      </file>
      <file name="/home/mochamad/web/vanilla/workbench/gufy/reseller-club/vendor/guzzlehttp/guzzle/src/Event/RequestEvents.php">
        <class name="RequestEvents" namespace="GuzzleHttp\Event">
          <metrics methods="1" coveredmethods="0" conditionals="0" coveredconditionals="0" statements="14" coveredstatements="0" elements="15" coveredelements="0"/>
        </class>
        <line num="33" type="method" name="convertEventArray" crap="42" count="0"/>
        <line num="38" type="stmt" count="0"/>
        <line num="39" type="stmt" count="0"/>
        <line num="40" type="stmt" count="0"/>
        <line num="41" type="stmt" count="0"/>
        <line num="42" type="stmt" count="0"/>
        <line num="43" type="stmt" count="0"/>
        <line num="44" type="stmt" count="0"/>
        <line num="45" type="stmt" count="0"/>
        <line num="46" type="stmt" count="0"/>
        <line num="47" type="stmt" count="0"/>
        <line num="49" type="stmt" count="0"/>
        <line num="50" type="stmt" count="0"/>
        <line num="52" type="stmt" count="0"/>
        <line num="54" type="stmt" count="0"/>
        <metrics loc="56" ncloc="35" classes="1" methods="1" coveredmethods="0" conditionals="0" coveredconditionals="0" statements="14" coveredstatements="0" elements="15" coveredelements="0"/>
      </file>
    </package>
    <package name="GuzzleHttp\Exception">
      <file name="/home/mochamad/web/vanilla/workbench/gufy/reseller-club/vendor/guzzlehttp/guzzle/src/Exception/RequestException.php">
        <class name="RequestException" namespace="GuzzleHttp\Exception">
          <metrics methods="6" coveredmethods="2" conditionals="0" coveredconditionals="0" statements="31" coveredstatements="12" elements="37" coveredelements="14"/>
        </class>
        <line num="21" type="method" name="__construct" crap="3" count="1"/>
        <line num="28" type="stmt" count="1"/>
        <line num="29" type="stmt" count="1"/>
        <line num="30" type="stmt" count="1"/>
        <line num="31" type="stmt" count="1"/>
        <line num="32" type="stmt" count="1"/>
        <line num="33" type="stmt" count="1"/>
        <line num="34" type="stmt" count="1"/>
        <line num="44" type="method" name="wrapException" crap="3.07" count="1"/>
        <line num="46" type="stmt" count="1"/>
        <line num="47" type="stmt" count="1"/>
        <line num="48" type="stmt" count="1"/>
        <line num="49" type="stmt" count="1"/>
        <line num="51" type="stmt" count="0"/>
        <line num="64" type="method" name="create" crap="20" count="0"/>
        <line num="69" type="stmt" count="0"/>
        <line num="70" type="stmt" count="0"/>
        <line num="73" type="stmt" count="0"/>
        <line num="74" type="stmt" count="0"/>
        <line num="75" type="stmt" count="0"/>
        <line num="76" type="stmt" count="0"/>
        <line num="77" type="stmt" count="0"/>
        <line num="78" type="stmt" count="0"/>
        <line num="79" type="stmt" count="0"/>
        <line num="80" type="stmt" count="0"/>
        <line num="81" type="stmt" count="0"/>
        <line num="82" type="stmt" count="0"/>
        <line num="85" type="stmt" count="0"/>
        <line num="86" type="stmt" count="0"/>
[...]
        <line num="1534" type="stmt" count="0"/>
        <line num="1537" type="stmt" count="0"/>
        <line num="1538" type="stmt" count="0"/>
        <line num="1539" type="stmt" count="0"/>
        <line num="1540" type="stmt" count="0"/>
        <line num="1541" type="stmt" count="0"/>
        <line num="1542" type="stmt" count="0"/>
        <line num="1546" type="stmt" count="0"/>
        <line num="1547" type="stmt" count="0"/>
        <line num="1548" type="stmt" count="0"/>
        <line num="1549" type="stmt" count="0"/>
        <line num="1550" type="stmt" count="0"/>
        <line num="1551" type="stmt" count="0"/>
        <line num="1552" type="stmt" count="0"/>
        <line num="1553" type="stmt" count="0"/>
        <line num="1554" type="stmt" count="0"/>
        <line num="1556" type="stmt" count="0"/>
        <line num="1558" type="stmt" count="0"/>
        <line num="1560" type="stmt" count="0"/>
        <line num="1561" type="stmt" count="0"/>
        <line num="1563" type="stmt" count="0"/>
        <line num="1573" type="method" name="getCharsets" crap="6" count="0"/>
        <line num="1575" type="stmt" count="0"/>
        <line num="1576" type="stmt" count="0"/>
        <line num="1579" type="stmt" count="0"/>
        <line num="1587" type="method" name="getEncodings" crap="6" count="0"/>
        <line num="1589" type="stmt" count="0"/>
        <line num="1590" type="stmt" count="0"/>
        <line num="1593" type="stmt" count="0"/>
        <line num="1603" type="method" name="getAcceptableContentTypes" crap="6" count="0"/>
        <line num="1605" type="stmt" count="0"/>
        <line num="1606" type="stmt" count="0"/>
        <line num="1609" type="stmt" count="0"/>
        <line num="1623" type="method" name="isXmlHttpRequest" crap="2" count="0"/>
        <line num="1625" type="stmt" count="0"/>
        <line num="1636" type="method" name="prepareRequestUri" crap="90" count="0"/>
        <line num="1638" type="stmt" count="0"/>
        <line num="1640" type="stmt" count="0"/>
        <line num="1642" type="stmt" count="0"/>
        <line num="1643" type="stmt" count="0"/>
        <line num="1644" type="stmt" count="0"/>
        <line num="1645" type="stmt" count="0"/>
        <line num="1646" type="stmt" count="0"/>
        <line num="1647" type="stmt" count="0"/>
        <line num="1649" type="stmt" count="0"/>
        <line num="1650" type="stmt" count="0"/>
        <line num="1651" type="stmt" count="0"/>
        <line num="1653" type="stmt" count="0"/>
        <line num="1654" type="stmt" count="0"/>
        <line num="1655" type="stmt" count="0"/>
        <line num="1656" type="stmt" count="0"/>
        <line num="1657" type="stmt" count="0"/>
        <line num="1659" type="stmt" count="0"/>
        <line num="1660" type="stmt" count="0"/>
        <line num="1661" type="stmt" count="0"/>
        <line num="1662" type="stmt" count="0"/>
        <line num="1663" type="stmt" count="0"/>
        <line num="1665" type="stmt" count="0"/>
        <line num="1666" type="stmt" count="0"/>
        <line num="1667" type="stmt" count="0"/>
        <line num="1668" type="stmt" count="0"/>
        <line num="1669" type="stmt" count="0"/>
        <line num="1670" type="stmt" count="0"/>
        <line num="1673" type="stmt" count="0"/>
        <line num="1675" type="stmt" count="0"/>
        <line num="1683" type="method" name="prepareBaseUrl" crap="306" count="0"/>
        <line num="1685" type="stmt" count="0"/>
        <line num="1687" type="stmt" count="0"/>
        <line num="1688" type="stmt" count="0"/>
        <line num="1689" type="stmt" count="0"/>
        <line num="1690" type="stmt" count="0"/>
        <line num="1691" type="stmt" count="0"/>
        <line num="1692" type="stmt" count="0"/>
        <line num="1693" type="stmt" count="0"/>
        <line num="1696" type="stmt" count="0"/>
        <line num="1697" type="stmt" count="0"/>
        <line num="1698" type="stmt" count="0"/>
        <line num="1699" type="stmt" count="0"/>
        <line num="1700" type="stmt" count="0"/>
        <line num="1701" type="stmt" count="0"/>
        <line num="1702" type="stmt" count="0"/>
        <line num="1704" type="stmt" count="0"/>
        <line num="1705" type="stmt" count="0"/>
        <line num="1706" type="stmt" count="0"/>
        <line num="1707" type="stmt" count="0"/>
        <line num="1711" type="stmt" count="0"/>
        <line num="1713" type="stmt" count="0"/>
        <line num="1715" type="stmt" count="0"/>
        <line num="1718" type="stmt" count="0"/>
        <line num="1720" type="stmt" count="0"/>
        <line num="1723" type="stmt" count="0"/>
        <line num="1724" type="stmt" count="0"/>
        <line num="1725" type="stmt" count="0"/>
        <line num="1726" type="stmt" count="0"/>
        <line num="1728" type="stmt" count="0"/>
        <line num="1729" type="stmt" count="0"/>
        <line num="1731" type="stmt" count="0"/>
        <line num="1737" type="stmt" count="0"/>
        <line num="1738" type="stmt" count="0"/>
        <line num="1739" type="stmt" count="0"/>
        <line num="1741" type="stmt" count="0"/>
        <line num="1749" type="method" name="prepareBasePath" crap="20" count="0"/>
        <line num="1751" type="stmt" count="0"/>
        <line num="1752" type="stmt" count="0"/>
        <line num="1753" type="stmt" count="0"/>
        <line num="1754" type="stmt" count="0"/>
        <line num="1757" type="stmt" count="0"/>
        <line num="1758" type="stmt" count="0"/>
        <line num="1759" type="stmt" count="0"/>
        <line num="1760" type="stmt" count="0"/>
        <line num="1763" type="stmt" count="0"/>
        <line num="1764" type="stmt" count="0"/>
        <line num="1765" type="stmt" count="0"/>
        <line num="1767" type="stmt" count="0"/>
        <line num="1775" type="method" name="preparePathInfo" crap="42" count="0"/>
        <line num="1777" type="stmt" count="0"/>
        <line num="1779" type="stmt" count="0"/>
        <line num="1780" type="stmt" count="0"/>
        <line num="1783" type="stmt" count="0"/>
        <line num="1786" type="stmt" count="0"/>
        <line num="1787" type="stmt" count="0"/>
        <line num="1788" type="stmt" count="0"/>
        <line num="1790" type="stmt" count="0"/>
        <line num="1792" type="stmt" count="0"/>
        <line num="1793" type="stmt" count="0"/>
        <line num="1794" type="stmt" count="0"/>
        <line num="1797" type="stmt" count="0"/>
        <line num="1803" type="method" name="initializeFormats" crap="2" count="0"/>
        <line num="1805" type="stmt" count="0"/>
        <line num="1806" type="stmt" count="0"/>
        <line num="1807" type="stmt" count="0"/>
        <line num="1808" type="stmt" count="0"/>
        <line num="1809" type="stmt" count="0"/>
        <line num="1810" type="stmt" count="0"/>
        <line num="1811" type="stmt" count="0"/>
        <line num="1812" type="stmt" count="0"/>
        <line num="1813" type="stmt" count="0"/>
        <line num="1814" type="stmt" count="0"/>
        <line num="1815" type="stmt" count="0"/>
        <line num="1816" type="stmt" count="0"/>
        <line num="1823" type="method" name="setPhpDefaultLocale" crap="12" count="0"/>
        <line num="1829" type="stmt" count="0"/>
        <line num="1830" type="stmt" count="0"/>
        <line num="1831" type="stmt" count="0"/>
        <line num="1832" type="stmt" count="0"/>
        <line num="1834" type="stmt" count="0"/>
        <line num="1845" type="method" name="getUrlencodedPrefix" crap="12" count="0"/>
        <line num="1847" type="stmt" count="0"/>
        <line num="1848" type="stmt" count="0"/>
        <line num="1851" type="stmt" count="0"/>
        <line num="1853" type="stmt" count="0"/>
        <line num="1854" type="stmt" count="0"/>
        <line num="1857" type="stmt" count="0"/>
        <line num="1860" type="method" name="createRequestFromFactory" crap="5.67" count="8"/>
        <line num="1862" type="stmt" count="8"/>
        <line num="1863" type="stmt" count="0"/>
        <line num="1865" type="stmt" count="0"/>
        <line num="1866" type="stmt" count="0"/>
        <line num="1869" type="stmt" count="0"/>
        <line num="1872" type="stmt" count="8"/>
        <metrics loc="1874" ncloc="1004" classes="1" methods="74" coveredmethods="3" conditionals="0" coveredconditionals="0" statements="536" coveredstatements="78" elements="610" coveredelements="81"/>
      </file>
      <file name="/home/mochamad/web/vanilla/workbench/gufy/reseller-club/vendor/symfony/http-foundation/Symfony/Component/HttpFoundation/ServerBag.php">
        <class name="ServerBag" namespace="Symfony\Component\HttpFoundation">
          <metrics methods="1" coveredmethods="0" conditionals="0" coveredconditionals="0" statements="37" coveredstatements="16" elements="38" coveredelements="16"/>
        </class>
        <line num="28" type="method" name="getHeaders" crap="56.14" count="8"/>
        <line num="30" type="stmt" count="8"/>
        <line num="31" type="stmt" count="8"/>
        <line num="32" type="stmt" count="8"/>
        <line num="33" type="stmt" count="8"/>
        <line num="34" type="stmt" count="8"/>
        <line num="35" type="stmt" count="8"/>
        <line num="37" type="stmt" count="8"/>
        <line num="38" type="stmt" count="0"/>
        <line num="39" type="stmt" count="0"/>
        <line num="40" type="stmt" count="8"/>
        <line num="42" type="stmt" count="8"/>
        <line num="43" type="stmt" count="0"/>
        <line num="44" type="stmt" count="0"/>
        <line num="45" type="stmt" count="0"/>
        <line num="60" type="stmt" count="8"/>
        <line num="61" type="stmt" count="8"/>
        <line num="62" type="stmt" count="0"/>
        <line num="63" type="stmt" count="8"/>
        <line num="64" type="stmt" count="0"/>
        <line num="65" type="stmt" count="0"/>
        <line num="67" type="stmt" count="8"/>
        <line num="68" type="stmt" count="0"/>
        <line num="70" type="stmt" count="0"/>
        <line num="71" type="stmt" count="0"/>
        <line num="72" type="stmt" count="0"/>
        <line num="73" type="stmt" count="0"/>
        <line num="74" type="stmt" count="0"/>
        <line num="76" type="stmt" count="0"/>
        <line num="77" type="stmt" count="0"/>
        <line num="78" type="stmt" count="0"/>
        <line num="79" type="stmt" count="0"/>
        <line num="83" type="stmt" count="8"/>
        <line num="84" type="stmt" count="0"/>
        <line num="85" type="stmt" count="8"/>
        <line num="86" type="stmt" count="0"/>
        <line num="87" type="stmt" count="0"/>
        <line num="89" type="stmt" count="8"/>
        <metrics loc="91" ncloc="50" classes="1" methods="1" coveredmethods="0" conditionals="0" coveredconditionals="0" statements="37" coveredstatements="16" elements="38" coveredelements="16"/>
      </file>
    </package>
    <package name="Symfony\Component\HttpFoundation\Session\Storage\Handler">
      <file name="/home/mochamad/web/vanilla/workbench/gufy/reseller-club/vendor/symfony/http-foundation/Symfony/Component/HttpFoundation/Session/Storage/Handler/NullSessionHandler.php">
        <class name="NullSessionHandler" namespace="Symfony\Component\HttpFoundation\Session\Storage\Handler">
          <metrics methods="6" coveredmethods="0" conditionals="0" coveredconditionals="0" statements="6" coveredstatements="0" elements="12" coveredelements="0"/>
        </class>
        <line num="28" type="method" name="open" crap="2" count="0"/>
        <line num="30" type="stmt" count="0"/>
        <line num="36" type="method" name="close" crap="2" count="0"/>
        <line num="38" type="stmt" count="0"/>
        <line num="44" type="method" name="read" crap="2" count="0"/>
        <line num="46" type="stmt" count="0"/>
        <line num="52" type="method" name="write" crap="2" count="0"/>
        <line num="54" type="stmt" count="0"/>
        <line num="60" type="method" name="destroy" crap="2" count="0"/>
        <line num="62" type="stmt" count="0"/>
        <line num="68" type="method" name="gc" crap="2" count="0"/>
        <line num="70" type="stmt" count="0"/>
        <metrics loc="72" ncloc="37" classes="1" methods="6" coveredmethods="0" conditionals="0" coveredconditionals="0" statements="6" coveredstatements="0" elements="12" coveredelements="0"/>
      </file>
    </package>
    <package name="Symfony\Component\HttpFoundation\Session\Storage">
      <file name="/home/mochamad/web/vanilla/workbench/gufy/reseller-club/vendor/symfony/http-foundation/Symfony/Component/HttpFoundation/Session/Storage/MetadataBag.php">
        <class name="MetadataBag" namespace="Symfony\Component\HttpFoundation\Session\Storage">
          <metrics methods="11" coveredmethods="1" conditionals="0" coveredconditionals="0" statements="27" coveredstatements="3" elements="38" coveredelements="4"/>
        </class>
        <line num="62" type="method" name="__construct" crap="1" count="8"/>
        <line num="64" type="stmt" count="8"/>
        <line num="65" type="stmt" count="8"/>
        <line num="66" type="stmt" count="8"/>
        <line num="71" type="method" name="initialize" crap="12" count="0"/>
        <line num="73" type="stmt" count="0"/>
        <line num="75" type="stmt" count="0"/>
        <line num="76" type="stmt" count="0"/>
        <line num="78" type="stmt" count="0"/>
        <line num="79" type="stmt" count="0"/>
        <line num="80" type="stmt" count="0"/>
        <line num="81" type="stmt" count="0"/>
        <line num="82" type="stmt" count="0"/>
        <line num="83" type="stmt" count="0"/>
        <line num="85" type="stmt" count="0"/>
        <line num="92" type="method" name="getLifetime" crap="2" count="0"/>
        <line num="94" type="stmt" count="0"/>
        <line num="105" type="method" name="stampNew" crap="2" count="0"/>
        <line num="107" type="stmt" count="0"/>
        <line num="108" type="stmt" count="0"/>
        <line num="113" type="method" name="getStorageKey" crap="2" count="0"/>
        <line num="115" type="stmt" count="0"/>
        <line num="123" type="method" name="getCreated" crap="2" count="0"/>
        <line num="125" type="stmt" count="0"/>
        <line num="133" type="method" name="getLastUsed" crap="2" count="0"/>
        <line num="135" type="stmt" count="0"/>
        <line num="141" type="method" name="clear" crap="2" count="0"/>
        <line num="144" type="stmt" count="0"/>
        <line num="149" type="method" name="getName" crap="2" count="0"/>
        <line num="151" type="stmt" count="0"/>
        <line num="159" type="method" name="setName" crap="2" count="0"/>
        <line num="161" type="stmt" count="0"/>
        <line num="162" type="stmt" count="0"/>
        <line num="164" type="method" name="stampCreated" crap="6" count="0"/>
        <line num="166" type="stmt" count="0"/>
        <line num="167" type="stmt" count="0"/>
        <line num="168" type="stmt" count="0"/>
        <line num="169" type="stmt" count="0"/>
        <metrics loc="170" ncloc="90" classes="1" methods="11" coveredmethods="1" conditionals="0" coveredconditionals="0" statements="27" coveredstatements="3" elements="38" coveredelements="4"/>
      </file>
    </package>
    <package name="Symfony\Component\HttpKernel">
      <file name="/home/mochamad/web/vanilla/workbench/gufy/reseller-club/vendor/symfony/http-kernel/Symfony/Component/HttpKernel/Client.php">
        <class name="Client" namespace="Symfony\Component\HttpKernel">
          <metrics methods="9" coveredmethods="1" conditionals="0" coveredconditionals="0" statements="63" coveredstatements="4" elements="72" coveredelements="5"/>
        </class>
        <line num="43" type="method" name="__construct" crap="1" count="8"/>
        <line num="46" type="stmt" count="8"/>
        <line num="47" type="stmt" count="8"/>
        <line num="49" type="stmt" count="8"/>
        <line num="50" type="stmt" count="8"/>
        <line num="57" type="method" name="getRequest" crap="2" count="0"/>
        <line num="59" type="stmt" count="0"/>
        <line num="67" type="method" name="getResponse" crap="2" count="0"/>
        <line num="69" type="stmt" count="0"/>
        <line num="79" type="method" name="doRequest" crap="6" count="0"/>
        <line num="81" type="stmt" count="0"/>
        <line num="83" type="stmt" count="0"/>
        <line num="84" type="stmt" count="0"/>
        <line num="85" type="stmt" count="0"/>
        <line num="87" type="stmt" count="0"/>
        <line num="97" type="method" name="getScript" crap="2" count="0"/>
        <line num="99" type="stmt" count="0"/>
        <line num="100" type="stmt" count="0"/>
        <line num="102" type="stmt" count="0"/>
        <line num="103" type="stmt" count="0"/>
        <line num="104" type="stmt" count="0"/>
        <line num="112" type="stmt" count="0"/>
        <line num="115" type="stmt" count="0"/>
        <line num="116" type="stmt" count="0"/>
        <line num="117" type="stmt" count="0"/>
        <line num="119" type="stmt" count="0"/>
        <line num="122" type="method" name="getHandleScript" crap="2" count="0"/>
        <line num="132" type="stmt" count="0"/>
        <line num="142" type="method" name="filterRequest" crap="6" count="0"/>
        <line num="144" type="stmt" count="0"/>
        <line num="146" type="stmt" count="0"/>
        <line num="147" type="stmt" count="0"/>
        <line num="148" type="stmt" count="0"/>
        <line num="150" type="stmt" count="0"/>
        <line num="168" type="method" name="filterFiles" crap="42" count="0"/>
        <line num="170" type="stmt" count="0"/>
        <line num="171" type="stmt" count="0"/>
        <line num="172" type="stmt" count="0"/>
        <line num="173" type="stmt" count="0"/>
        <line num="174" type="stmt" count="0"/>
        <line num="175" type="stmt" count="0"/>
        <line num="176" type="stmt" count="0"/>
        <line num="177" type="stmt" count="0"/>
        <line num="178" type="stmt" count="0"/>
        <line num="179" type="stmt" count="0"/>
        <line num="180" type="stmt" count="0"/>
        <line num="181" type="stmt" count="0"/>
        <line num="183" type="stmt" count="0"/>
        <line num="184" type="stmt" count="0"/>
        <line num="185" type="stmt" count="0"/>
        <line num="186" type="stmt" count="0"/>
        <line num="187" type="stmt" count="0"/>
        <line num="188" type="stmt" count="0"/>
        <line num="189" type="stmt" count="0"/>
        <line num="190" type="stmt" count="0"/>
        <line num="192" type="stmt" count="0"/>
        <line num="194" type="stmt" count="0"/>
        <line num="195" type="stmt" count="0"/>
        <line num="197" type="stmt" count="0"/>
        <line num="207" type="method" name="filterResponse" crap="12" count="0"/>
        <line num="209" type="stmt" count="0"/>
        <line num="210" type="stmt" count="0"/>
        <line num="211" type="stmt" count="0"/>
        <line num="212" type="stmt" count="0"/>
        <line num="213" type="stmt" count="0"/>
        <line num="214" type="stmt" count="0"/>
        <line num="215" type="stmt" count="0"/>
        <line num="216" type="stmt" count="0"/>
        <line num="219" type="stmt" count="0"/>
        <line num="220" type="stmt" count="0"/>
        <line num="221" type="stmt" count="0"/>
        <line num="223" type="stmt" count="0"/>
        <metrics loc="225" ncloc="145" classes="1" methods="9" coveredmethods="1" conditionals="0" coveredconditionals="0" statements="63" coveredstatements="4" elements="72" coveredelements="5"/>
      </file>
    </package>
    <metrics files="139" loc="30682" ncloc="17771" classes="131" methods="1506" coveredmethods="237" conditionals="0" coveredconditionals="0" statements="7601" coveredstatements="1942" elements="9107" coveredelements="2179"/>
  </project>
</coverage>
